


ARM Macro Assembler    Page 1 


    1 00000000                 AREA             PROGRAM, CODE, READONLY, ALIGN=
2
    2 00000000                 THUMB
    3 00000000                 REQUIRE8
    4 00000000                 PRESERVE8
    5 00000000         
    6 00000000                 IMPORT           currentThread
    7 00000000                 IMPORT           thread_schedule
    8 00000000                 IMPORT           sys_tick_it_enable
    9 00000000                 IMPORT           sys_tick_start
   10 00000000         
   11 00000000         
   12 00000000         __cpu_mode_ensure
                               PROC
   13 00000000                 EXPORT           __cpu_mode_ensure
   14 00000000 F3EF 8014       MRS              r0, CONTROL
   15 00000004 F010 0F01       TST              r0,#1
   16 00000008 BF0C 2000       MOVEQ            r0,#0
   17 0000000C 2001            MOVNE            r0,#1
   18 0000000E 4770            BX               LR
   19 00000010                 ENDP
   20 00000010         
   21 00000010         __spot_store
                               PROC
   22 00000010                 EXPORT           __spot_store
   23 00000010 B672            CPSID            I
   24 00000012 B402            PUSH             {r1}
   25 00000014 F3EF 8109       MRS              r1,PSP      ; get new task stac
                                                            k pointer
   26 00000018 F1A1 0120       SUB              r1,#32
   27 0000001C 600C            STR              r4,[r1,#0]
   28 0000001E 604D            STR              r5,[r1,#4]
   29 00000020 608E            STR              r6,[r1,#8]
   30 00000022 60CF            STR              r7,[r1,#12]
   31 00000024 F8C1 8010       STR              r8,[r1,#16]
   32 00000028 F8C1 9014       STR              r9,[r1,#20]
   33 0000002C F8C1 A018       STR              r10,[r1,#24]
   34 00000030 F8C1 B01C       STR              r11,[r1,#28]
   35 00000034 F381 8809       MSR              PSP,r1
   36 00000038 BC02            POP              {r1}
   37 0000003A B662            CPSIE            I
   38 0000003C 4770            BX               LR
   39 0000003E                 ENDP
   40 0000003E         
   41 0000003E         
   42 0000003E         ;r0:the stackpoit of the thread to be switched to  
   43 0000003E         __switch_to
                               PROC
   44 0000003E                 EXPORT           __switch_to
   45 0000003E B402            PUSH             {r1}
   46 00000040 6801            LDR              r1,[r0]     ; get new task stac
                                                            k pointer
   47 00000042 F381 8809       MSR              PSP,r1
   48 00000046 BC02            POP              {r1}
   49 00000048 4770            BX               LR
   50 0000004A                 ENDP
   51 0000004A         
   52 0000004A         
   53 0000004A         



ARM Macro Assembler    Page 2 


   54 0000004A         
   55 0000004A         ;r0:the stackpoit of the thread to be switched from
   56 0000004A         ;r1:the stackpoit of the thread to be switched to
   57 0000004A         __switch_between
                               PROC
   58 0000004A                 EXPORT           __switch_between
   59 0000004A B404            PUSH             {r2}
   60 0000004C F3EF 8209       MRS              r2, PSP     ; store sp in preem
                                                            pted tasks TCB
   61 00000050 6002            STR              r2,[r0]
   62 00000052 680A            LDR              r2,[r1]     ; get new task stac
                                                            k pointer
   63 00000054 F382 8809       MSR              PSP,r2
   64 00000058 BC04            POP              {r2}
   65 0000005A 4770            BX               LR
   66 0000005C                 ENDP
   67 0000005C         
   68 0000005C         
   69 0000005C         
   70 0000005C         
   71 0000005C         __psp_init
                               PROC
   72 0000005C                 EXPORT           __psp_init
   73 0000005C F380 8809       MSR              PSP,r0
   74 00000060 4770            BX               LR
   75 00000062                 ENDP
   76 00000062         
   77 00000062         
   78 00000062         
   79 00000062         __interrupt_enable
                               PROC
   80 00000062                 EXPORT           __interrupt_enable
   81 00000062 F380 8810       MSR              PRIMASK,r0
   82 00000066 B662            CPSIE            I
   83 00000068 4770            BX               LR
   84 0000006A                 ENDP
   85 0000006A         
   86 0000006A         
   87 0000006A         
   88 0000006A         
   89 0000006A         __interrupt_disable
                               PROC
   90 0000006A                 EXPORT           __interrupt_disable
   91 0000006A F3EF 8010       MRS              r0,PRIMASK
   92 0000006E B672            CPSID            I
   93 00000070 4770            BX               LR
   94 00000072                 ENDP
   95 00000072         
   96 00000072         
   97 00000072         
   98 00000072         
   99 00000072         
  100 00000072         __goto_user_mode
                               PROC
  101 00000072                 EXPORT           __goto_user_mode
  102 00000072 F3EF 8014       MRS              r0,CONTROL
  103 00000076 F040 0001       ORR              r0,#1
  104 0000007A F380 8814       MSR              CONTROL,r0
  105 0000007E 4770            BX               LR



ARM Macro Assembler    Page 3 


  106 00000080                 ENDP
  107 00000080         
  108 00000080         
  109 00000080         
  110 00000080         
  111 00000080         __goto_psp_mode
                               PROC
  112 00000080                 EXPORT           __goto_psp_mode
  113 00000080 F3EF 8014       MRS              r0,CONTROL
  114 00000084 F040 0002       ORR              r0,#2
  115 00000088 F380 8814       MSR              CONTROL,r0
  116 0000008C 4770            BX               LR
  117 0000008E                 ENDP
  118 0000008E         
  119 0000008E         
  120 0000008E         __psp_return
                               PROC
  121 0000008E                 EXPORT           __psp_return
  122 0000008E B402            PUSH             {r1}
  123 00000090 F3EF 8109       MRS              r1,PSP
  124 00000094 F1A1 0120       SUB              r1,#32
  125 00000098 F381 8809       MSR              PSP,r1
  126 0000009C BC02            POP              {r1}
  127 0000009E 4770            BX               LR
  128 000000A0                 ENDP
  129 000000A0         
  130 000000A0         
  131 000000A0         
  132 000000A0         SysTick_Handler
                               PROC
  133 000000A0                 EXPORT           SysTick_Handler
  134 000000A0 B503            PUSH             {r0,r1,LR}
  135 000000A2 482C            LDR              r0,=__spot_store
  136 000000A4 4780            BLX              r0
  137 000000A6 482C            LDR              r0,=currentThread
  138 000000A8 6801            LDR              r1,[r0]
  139 000000AA 2900            CMP              r1,#0
  140 000000AC D101            BNE              PEND
  141 000000AE 482B            LDR              r0,=__psp_return
  142 000000B0 4780            BLX              r0
  143 000000B2 F64E 5004 
                       PEND    MOV              r0,#0x0000ED04
  144 000000B6 F040 4060       ORR              r0,#0xE0000000
  145 000000BA 6801            LDR              r1,[r0]
  146 000000BC F041 5180       ORR              r1,#0x10000000
  147 000000C0 6001            STR              r1,[r0]
  148 000000C2 E8BD 4003       POP              {r0,r1,LR}
  149 000000C6 4770            BX               LR
  150 000000C8                 ENDP
  151 000000C8         
  152 000000C8         
  153 000000C8         PendSV_Handler
                               PROC
  154 000000C8                 EXPORT           PendSV_Handler
  155 000000C8 B507            PUSH             {r0,r1,r2,LR}
  156 000000CA 4823            LDR              r0,=currentThread
  157 000000CC 6801            LDR              r1,[r0]
  158 000000CE F04F 0001       MOV              r0,#1
  159 000000D2 2900            CMP              r1,#0



ARM Macro Assembler    Page 4 


  160 000000D4 BF08 2000       MOVEQ            r0,#0
  161 000000D8 4921            LDR              r1, =thread_schedule
  162 000000DA 4788            BLX              r1
  163 000000DC 4602            MOV              r2,r0
  164 000000DE F3EF 8009       MRS              r0,PSP
  165 000000E2 6804            LDR              r4,[r0,#0]
  166 000000E4 6845            LDR              r5,[r0,#4]
  167 000000E6 6886            LDR              r6,[r0,#8]
  168 000000E8 68C7            LDR              r7,[r0,#12]
  169 000000EA F8D0 8010       LDR              r8,[r0,#16]
  170 000000EE F8D0 9014       LDR              r9,[r0,#20]
  171 000000F2 F8D0 A018       LDR              r10,[r0,#24]
  172 000000F6 F8D0 B01C       LDR              r11,[r0,#28]
  173 000000FA F100 0020       ADD              r0,#32
  174 000000FE F380 8809       MSR              PSP,r0
  175 00000102 F3EF 8014       MRS              r0,CONTROL
  176 00000106 2A00            CMP              r2,#0
  177 00000108 BF08 F020 
              0001             ANDEQ            r0,#0xFFFFFFFE
  178 0000010E 2A01            CMP              r2,#1
  179 00000110 BF08 F040 
              0001             ORREQ            r0,#1
  180 00000116 F380 8814       MSR              CONTROL,r0
  181 0000011A E8BD 4007       POP              {r0,r1,r2,LR}
  182 0000011E 4770            BX               LR
  183 00000120                 ENDP
  184 00000120         
  185 00000120         
  186 00000120         SVC_Handler
                               PROC
  187 00000120                 EXPORT           SVC_Handler
  188 00000120 B503            PUSH             {r0,r1,LR}
  189 00000122 2800            CMP              r0,#0
  190 00000124 D002            BEQ              SVC_0
  191 00000126 2801            CMP              r0,#1
  192 00000128 D005            BEQ              SVC_1
  193 0000012A E00D            B                SVC_R
  194 0000012C         
  195 0000012C 490D    SVC_0   LDR              r1,=sys_tick_it_enable
  196 0000012E 4788            BLX              r1
  197 00000130 490D            LDR              r1,=sys_tick_start
  198 00000132 4788            BLX              r1
  199 00000134 E008            B                SVC_R
  200 00000136         
  201 00000136         
  202 00000136 F64E 5004 
                       SVC_1   MOV              r0,#0x0000ED04
  203 0000013A F040 4060       ORR              r0,#0xE0000000
  204 0000013E 6801            LDR              r1,[r0]
  205 00000140 F041 5180       ORR              r1,#0x10000000
  206 00000144 6001            STR              r1,[r0]
  207 00000146 E7FF            B                SVC_R
  208 00000148         
  209 00000148         
  210 00000148 E8BD 4003 
                       SVC_R   POP              {r0,r1,LR}
  211 0000014C 4770            BX               LR
  212 0000014E                 ENDP
  213 0000014E         



ARM Macro Assembler    Page 5 


  214 0000014E         
  215 0000014E         
  216 0000014E         
  217 0000014E         __SVC_ASK
                               PROC
  218 0000014E                 EXPORT           __SVC_ASK
  219 0000014E DF00            SVC              0
  220 00000150 4770            BX               LR
  221 00000152                 ENDP
  222 00000152         
  223 00000152 BF00            NOP
  224 00000154                 END
              00000000 
              00000000 
              00000000 
              00000000 
              00000000 
              00000000 
Command Line: --debug --xref --cpu=Cortex-M3 --apcs=interwork --depend=..\outpu
t\asm.d -o..\output\asm.o -IE:\Keil\ARM\RV31\INC -IE:\Keil\ARM\CMSIS\Include -I
E:\Keil\ARM\Inc\ST\STM32F10x --predefine="__EVAL SETA 1" --predefine="__MICROLI
B SETA 1" --list=..\listing\asm.lst ..\Cortex-m3\src\asm.s



ARM Macro Assembler    Page 1 Alphabetic symbol ordering
Relocatable symbols

PEND 000000B2

Symbol: PEND
   Definitions
      At line 143 in file ..\Cortex-m3\src\asm.s
   Uses
      At line 140 in file ..\Cortex-m3\src\asm.s
Comment: PEND used once
PROGRAM 00000000

Symbol: PROGRAM
   Definitions
      At line 1 in file ..\Cortex-m3\src\asm.s
   Uses
      None
Comment: PROGRAM unused
PendSV_Handler 000000C8

Symbol: PendSV_Handler
   Definitions
      At line 153 in file ..\Cortex-m3\src\asm.s
   Uses
      At line 154 in file ..\Cortex-m3\src\asm.s
Comment: PendSV_Handler used once
SVC_0 0000012C

Symbol: SVC_0
   Definitions
      At line 195 in file ..\Cortex-m3\src\asm.s
   Uses
      At line 190 in file ..\Cortex-m3\src\asm.s
Comment: SVC_0 used once
SVC_1 00000136

Symbol: SVC_1
   Definitions
      At line 202 in file ..\Cortex-m3\src\asm.s
   Uses
      At line 192 in file ..\Cortex-m3\src\asm.s
Comment: SVC_1 used once
SVC_Handler 00000120

Symbol: SVC_Handler
   Definitions
      At line 186 in file ..\Cortex-m3\src\asm.s
   Uses
      At line 187 in file ..\Cortex-m3\src\asm.s
Comment: SVC_Handler used once
SVC_R 00000148

Symbol: SVC_R
   Definitions
      At line 210 in file ..\Cortex-m3\src\asm.s
   Uses
      At line 193 in file ..\Cortex-m3\src\asm.s
      At line 199 in file ..\Cortex-m3\src\asm.s
      At line 207 in file ..\Cortex-m3\src\asm.s

SysTick_Handler 000000A0



ARM Macro Assembler    Page 2 Alphabetic symbol ordering
Relocatable symbols


Symbol: SysTick_Handler
   Definitions
      At line 132 in file ..\Cortex-m3\src\asm.s
   Uses
      At line 133 in file ..\Cortex-m3\src\asm.s
Comment: SysTick_Handler used once
__SVC_ASK 0000014E

Symbol: __SVC_ASK
   Definitions
      At line 217 in file ..\Cortex-m3\src\asm.s
   Uses
      At line 218 in file ..\Cortex-m3\src\asm.s
Comment: __SVC_ASK used once
__cpu_mode_ensure 00000000

Symbol: __cpu_mode_ensure
   Definitions
      At line 12 in file ..\Cortex-m3\src\asm.s
   Uses
      At line 13 in file ..\Cortex-m3\src\asm.s
Comment: __cpu_mode_ensure used once
__goto_psp_mode 00000080

Symbol: __goto_psp_mode
   Definitions
      At line 111 in file ..\Cortex-m3\src\asm.s
   Uses
      At line 112 in file ..\Cortex-m3\src\asm.s
Comment: __goto_psp_mode used once
__goto_user_mode 00000072

Symbol: __goto_user_mode
   Definitions
      At line 100 in file ..\Cortex-m3\src\asm.s
   Uses
      At line 101 in file ..\Cortex-m3\src\asm.s
Comment: __goto_user_mode used once
__interrupt_disable 0000006A

Symbol: __interrupt_disable
   Definitions
      At line 89 in file ..\Cortex-m3\src\asm.s
   Uses
      At line 90 in file ..\Cortex-m3\src\asm.s
Comment: __interrupt_disable used once
__interrupt_enable 00000062

Symbol: __interrupt_enable
   Definitions
      At line 79 in file ..\Cortex-m3\src\asm.s
   Uses
      At line 80 in file ..\Cortex-m3\src\asm.s
Comment: __interrupt_enable used once
__psp_init 0000005C

Symbol: __psp_init
   Definitions



ARM Macro Assembler    Page 3 Alphabetic symbol ordering
Relocatable symbols

      At line 71 in file ..\Cortex-m3\src\asm.s
   Uses
      At line 72 in file ..\Cortex-m3\src\asm.s
Comment: __psp_init used once
__psp_return 0000008E

Symbol: __psp_return
   Definitions
      At line 120 in file ..\Cortex-m3\src\asm.s
   Uses
      At line 121 in file ..\Cortex-m3\src\asm.s
      At line 141 in file ..\Cortex-m3\src\asm.s

__spot_store 00000010

Symbol: __spot_store
   Definitions
      At line 21 in file ..\Cortex-m3\src\asm.s
   Uses
      At line 22 in file ..\Cortex-m3\src\asm.s
      At line 135 in file ..\Cortex-m3\src\asm.s

__switch_between 0000004A

Symbol: __switch_between
   Definitions
      At line 57 in file ..\Cortex-m3\src\asm.s
   Uses
      At line 58 in file ..\Cortex-m3\src\asm.s
Comment: __switch_between used once
__switch_to 0000003E

Symbol: __switch_to
   Definitions
      At line 43 in file ..\Cortex-m3\src\asm.s
   Uses
      At line 44 in file ..\Cortex-m3\src\asm.s
Comment: __switch_to used once
19 symbols



ARM Macro Assembler    Page 1 Alphabetic symbol ordering
External symbols

currentThread 00000000

Symbol: currentThread
   Definitions
      At line 6 in file ..\Cortex-m3\src\asm.s
   Uses
      At line 137 in file ..\Cortex-m3\src\asm.s
      At line 156 in file ..\Cortex-m3\src\asm.s

sys_tick_it_enable 00000000

Symbol: sys_tick_it_enable
   Definitions
      At line 8 in file ..\Cortex-m3\src\asm.s
   Uses
      At line 195 in file ..\Cortex-m3\src\asm.s
Comment: sys_tick_it_enable used once
sys_tick_start 00000000

Symbol: sys_tick_start
   Definitions
      At line 9 in file ..\Cortex-m3\src\asm.s
   Uses
      At line 197 in file ..\Cortex-m3\src\asm.s
Comment: sys_tick_start used once
thread_schedule 00000000

Symbol: thread_schedule
   Definitions
      At line 7 in file ..\Cortex-m3\src\asm.s
   Uses
      At line 161 in file ..\Cortex-m3\src\asm.s
Comment: thread_schedule used once
4 symbols
357 symbols in table
